<?xml version="1.0" encoding="UTF-8"?>
<testsuite name="com.project.large.LargeApplicationTests" tests="1" skipped="0" failures="0" errors="0" timestamp="2023-01-02T06:07:28" hostname="iseongjuns-MacBook-Pro.local" time="0.071">
  <properties/>
  <testcase name="contextLoads()" classname="com.project.large.LargeApplicationTests" time="0.071"/>
  <system-out><![CDATA[15:07:26.286 [Test worker] DEBUG org.springframework.test.context.BootstrapUtils - Instantiating CacheAwareContextLoaderDelegate from class [org.springframework.test.context.cache.DefaultCacheAwareContextLoaderDelegate]
15:07:26.291 [Test worker] DEBUG org.springframework.test.context.BootstrapUtils - Instantiating BootstrapContext using constructor [public org.springframework.test.context.support.DefaultBootstrapContext(java.lang.Class,org.springframework.test.context.CacheAwareContextLoaderDelegate)]
15:07:26.304 [Test worker] DEBUG org.springframework.test.context.BootstrapUtils - Instantiating TestContextBootstrapper for test class [com.project.large.LargeApplicationTests] from class [org.springframework.boot.test.context.SpringBootTestContextBootstrapper]
15:07:26.309 [Test worker] INFO org.springframework.boot.test.context.SpringBootTestContextBootstrapper - Neither @ContextConfiguration nor @ContextHierarchy found for test class [com.project.large.LargeApplicationTests], using SpringBootContextLoader
15:07:26.310 [Test worker] DEBUG org.springframework.test.context.support.AbstractContextLoader - Did not detect default resource location for test class [com.project.large.LargeApplicationTests]: class path resource [com/project/large/LargeApplicationTests-context.xml] does not exist
15:07:26.310 [Test worker] DEBUG org.springframework.test.context.support.AbstractContextLoader - Did not detect default resource location for test class [com.project.large.LargeApplicationTests]: class path resource [com/project/large/LargeApplicationTestsContext.groovy] does not exist
15:07:26.310 [Test worker] INFO org.springframework.test.context.support.AbstractContextLoader - Could not detect default resource locations for test class [com.project.large.LargeApplicationTests]: no resource found for suffixes {-context.xml, Context.groovy}.
15:07:26.311 [Test worker] INFO org.springframework.test.context.support.AnnotationConfigContextLoaderUtils - Could not detect default configuration classes for test class [com.project.large.LargeApplicationTests]: LargeApplicationTests does not declare any static, non-private, non-final, nested classes annotated with @Configuration.
15:07:26.326 [Test worker] DEBUG org.springframework.test.context.support.ActiveProfilesUtils - Could not find an 'annotation declaring class' for annotation type [org.springframework.test.context.ActiveProfiles] and class [com.project.large.LargeApplicationTests]
15:07:26.349 [Test worker] DEBUG org.springframework.context.annotation.ClassPathScanningCandidateComponentProvider - Identified candidate component class: file [/Users/sungjun/Documents/Large/large_b/build/classes/java/main/com/project/large/LargeApplication.class]
15:07:26.349 [Test worker] INFO org.springframework.boot.test.context.SpringBootTestContextBootstrapper - Found @SpringBootConfiguration com.project.large.LargeApplication for test class com.project.large.LargeApplicationTests
15:07:26.380 [Test worker] DEBUG org.springframework.boot.test.context.SpringBootTestContextBootstrapper - @TestExecutionListeners is not present for class [com.project.large.LargeApplicationTests]: using defaults.
15:07:26.380 [Test worker] INFO org.springframework.boot.test.context.SpringBootTestContextBootstrapper - Loaded default TestExecutionListener class names from location [META-INF/spring.factories]: [org.springframework.boot.test.autoconfigure.restdocs.RestDocsTestExecutionListener, org.springframework.boot.test.autoconfigure.web.client.MockRestServiceServerResetTestExecutionListener, org.springframework.boot.test.autoconfigure.web.servlet.MockMvcPrintOnlyOnFailureTestExecutionListener, org.springframework.boot.test.autoconfigure.web.servlet.WebDriverTestExecutionListener, org.springframework.boot.test.autoconfigure.webservices.client.MockWebServiceServerTestExecutionListener, org.springframework.boot.test.mock.mockito.MockitoTestExecutionListener, org.springframework.boot.test.mock.mockito.ResetMocksTestExecutionListener, org.springframework.test.context.web.ServletTestExecutionListener, org.springframework.test.context.support.DirtiesContextBeforeModesTestExecutionListener, org.springframework.test.context.event.ApplicationEventsTestExecutionListener, org.springframework.test.context.support.DependencyInjectionTestExecutionListener, org.springframework.test.context.support.DirtiesContextTestExecutionListener, org.springframework.test.context.transaction.TransactionalTestExecutionListener, org.springframework.test.context.jdbc.SqlScriptsTestExecutionListener, org.springframework.test.context.event.EventPublishingTestExecutionListener]
15:07:26.386 [Test worker] INFO org.springframework.boot.test.context.SpringBootTestContextBootstrapper - Using TestExecutionListeners: [org.springframework.test.context.web.ServletTestExecutionListener@749c877b, org.springframework.test.context.support.DirtiesContextBeforeModesTestExecutionListener@efde75f, org.springframework.test.context.event.ApplicationEventsTestExecutionListener@16ecee1, org.springframework.boot.test.mock.mockito.MockitoTestExecutionListener@3b220bcb, org.springframework.boot.test.autoconfigure.SpringBootDependencyInjectionTestExecutionListener@2b95e48b, org.springframework.test.context.support.DirtiesContextTestExecutionListener@4a3329b9, org.springframework.test.context.transaction.TransactionalTestExecutionListener@3dddefd8, org.springframework.test.context.jdbc.SqlScriptsTestExecutionListener@160ac7fb, org.springframework.test.context.event.EventPublishingTestExecutionListener@12bfd80d, org.springframework.boot.test.autoconfigure.restdocs.RestDocsTestExecutionListener@41925502, org.springframework.boot.test.autoconfigure.web.client.MockRestServiceServerResetTestExecutionListener@13e3c1c7, org.springframework.boot.test.autoconfigure.web.servlet.MockMvcPrintOnlyOnFailureTestExecutionListener@5316e95f, org.springframework.boot.test.autoconfigure.web.servlet.WebDriverTestExecutionListener@3f053c80, org.springframework.boot.test.autoconfigure.webservices.client.MockWebServiceServerTestExecutionListener@6c6c5427, org.springframework.boot.test.mock.mockito.ResetMocksTestExecutionListener@618c5d94]
15:07:26.387 [Test worker] DEBUG org.springframework.test.context.support.AbstractDirtiesContextTestExecutionListener - Before test class: context [DefaultTestContext@1b065145 testClass = LargeApplicationTests, testInstance = [null], testMethod = [null], testException = [null], mergedContextConfiguration = [WebMergedContextConfiguration@45cff11c testClass = LargeApplicationTests, locations = '{}', classes = '{class com.project.large.LargeApplication}', contextInitializerClasses = '[]', activeProfiles = '{}', propertySourceLocations = '{}', propertySourceProperties = '{org.springframework.boot.test.context.SpringBootTestContextBootstrapper=true}', contextCustomizers = set[org.springframework.boot.test.autoconfigure.actuate.metrics.MetricsExportContextCustomizerFactory$DisableMetricExportContextCustomizer@432038ec, org.springframework.boot.test.autoconfigure.properties.PropertyMappingContextCustomizer@0, org.springframework.boot.test.autoconfigure.web.servlet.WebDriverContextCustomizerFactory$Customizer@6d167f58, org.springframework.boot.test.context.filter.ExcludeFilterContextCustomizer@19c65cdc, org.springframework.boot.test.json.DuplicateJsonObjectContextCustomizerFactory$DuplicateJsonObjectContextCustomizer@38b27cdc, org.springframework.boot.test.mock.mockito.MockitoContextCustomizer@0, org.springframework.boot.test.web.client.TestRestTemplateContextCustomizer@401f7633, org.springframework.boot.test.context.SpringBootTestArgs@1, org.springframework.boot.test.context.SpringBootTestWebEnvironment@3af9c5b7], resourceBasePath = 'src/main/webapp', contextLoader = 'org.springframework.boot.test.context.SpringBootContextLoader', parent = [null]], attributes = map['org.springframework.test.context.web.ServletTestExecutionListener.activateListener' -> true]], class annotated with @DirtiesContext [false] with mode [null].

  .   ____          _            __ _ _
 /\\ / ___'_ __ _ _(_)_ __  __ _ \ \ \ \
( ( )\___ | '_ | '_| | '_ \/ _` | \ \ \ \
 \\/  ___)| |_)| | | | | || (_| |  ) ) ) )
  '  |____| .__|_| |_|_| |_\__, | / / / /
 =========|_|==============|___/=/_/_/_/
 :: Spring Boot ::                (v2.6.9)

2023-01-02 15:07:26.706  INFO 72106 --- [    Test worker] com.project.large.LargeApplicationTests  : Starting LargeApplicationTests using Java 17.0.2 on iseongjuns-MacBook-Pro.local with PID 72106 (started by sungjun in /Users/sungjun/Documents/Large/large_b)
2023-01-02 15:07:26.707  INFO 72106 --- [    Test worker] com.project.large.LargeApplicationTests  : No active profile set, falling back to 1 default profile: "default"
2023-01-02 15:07:26.974  INFO 72106 --- [    Test worker] .s.d.r.c.RepositoryConfigurationDelegate : Bootstrapping Spring Data JPA repositories in DEFAULT mode.
2023-01-02 15:07:26.998  INFO 72106 --- [    Test worker] .s.d.r.c.RepositoryConfigurationDelegate : Finished Spring Data repository scanning in 22 ms. Found 4 JPA repository interfaces.
2023-01-02 15:07:27.207  INFO 72106 --- [    Test worker] com.zaxxer.hikari.HikariDataSource       : HikariPool-1 - Starting...
2023-01-02 15:07:27.277  INFO 72106 --- [    Test worker] com.zaxxer.hikari.HikariDataSource       : HikariPool-1 - Start completed.
2023-01-02 15:07:27.305  INFO 72106 --- [    Test worker] o.hibernate.jpa.internal.util.LogHelper  : HHH000204: Processing PersistenceUnitInfo [name: default]
2023-01-02 15:07:27.326  INFO 72106 --- [    Test worker] org.hibernate.Version                    : HHH000412: Hibernate ORM core version 5.6.9.Final
2023-01-02 15:07:27.394  INFO 72106 --- [    Test worker] o.hibernate.annotations.common.Version   : HCANN000001: Hibernate Commons Annotations {5.1.2.Final}
2023-01-02 15:07:27.436  INFO 72106 --- [    Test worker] org.hibernate.dialect.Dialect            : HHH000400: Using dialect: org.hibernate.dialect.H2Dialect
2023-01-02 15:07:27.703  INFO 72106 --- [    Test worker] o.h.e.t.j.p.i.JtaPlatformInitiator       : HHH000490: Using JtaPlatform implementation: [org.hibernate.engine.transaction.jta.platform.internal.NoJtaPlatform]
2023-01-02 15:07:27.706  INFO 72106 --- [    Test worker] j.LocalContainerEntityManagerFactoryBean : Initialized JPA EntityManagerFactory for persistence unit 'default'
2023-01-02 15:07:27.878  WARN 72106 --- [    Test worker] JpaBaseConfiguration$JpaWebConfiguration : spring.jpa.open-in-view is enabled by default. Therefore, database queries may be performed during view rendering. Explicitly configure spring.jpa.open-in-view to disable this warning
2023-01-02 15:07:27.964  WARN 72106 --- [    Test worker] .s.s.UserDetailsServiceAutoConfiguration : 

Using generated security password: bdf71992-2c56-488d-9db2-87834bfc9e72

This generated password is for development use only. Your security configuration must be updated before running your application in production.

2023-01-02 15:07:28.012  INFO 72106 --- [    Test worker] o.s.s.web.DefaultSecurityFilterChain     : Will secure any request with [org.springframework.security.web.context.request.async.WebAsyncManagerIntegrationFilter@4d7f9b33, org.springframework.security.web.context.SecurityContextPersistenceFilter@39451d92, org.springframework.security.web.header.HeaderWriterFilter@67e628b, org.springframework.web.filter.CorsFilter@4070c4ff, org.springframework.security.web.authentication.logout.LogoutFilter@1bb78ae, com.project.large.jwt.JwtExceptionFilter@2148b47e, com.project.large.jwt.JwtRequestFilter@31aa9b01, org.springframework.security.web.savedrequest.RequestCacheAwareFilter@2cd877d3, org.springframework.security.web.servletapi.SecurityContextHolderAwareRequestFilter@5655278d, org.springframework.security.web.authentication.AnonymousAuthenticationFilter@782e0844, org.springframework.security.web.session.SessionManagementFilter@7bf16972, org.springframework.security.web.access.ExceptionTranslationFilter@3b764e66, org.springframework.security.web.access.intercept.FilterSecurityInterceptor@3fc4038f]
2023-01-02 15:07:28.174  INFO 72106 --- [    Test worker] o.s.b.a.h2.H2ConsoleAutoConfiguration    : H2 console available at '/h2-console'. Database available at 'jdbc:h2:mem:large'
2023-01-02 15:07:28.290  INFO 72106 --- [    Test worker] com.project.large.LargeApplicationTests  : Started LargeApplicationTests in 1.888 seconds (JVM running for 2.316)
]]></system-out>
  <system-err><![CDATA[]]></system-err>
</testsuite>
