<?xml version="1.0" encoding="UTF-8"?>
<testsuite name="com.project.large.LargeApplicationTests" tests="1" skipped="0" failures="0" errors="0" timestamp="2023-02-05T06:25:51" hostname="iseongjuns-MacBook-Pro.local" time="0.066">
  <properties/>
  <testcase name="contextLoads()" classname="com.project.large.LargeApplicationTests" time="0.066"/>
  <system-out><![CDATA[15:25:48.152 [Test worker] DEBUG org.springframework.test.context.BootstrapUtils - Instantiating CacheAwareContextLoaderDelegate from class [org.springframework.test.context.cache.DefaultCacheAwareContextLoaderDelegate]
15:25:48.157 [Test worker] DEBUG org.springframework.test.context.BootstrapUtils - Instantiating BootstrapContext using constructor [public org.springframework.test.context.support.DefaultBootstrapContext(java.lang.Class,org.springframework.test.context.CacheAwareContextLoaderDelegate)]
15:25:48.172 [Test worker] DEBUG org.springframework.test.context.BootstrapUtils - Instantiating TestContextBootstrapper for test class [com.project.large.LargeApplicationTests] from class [org.springframework.boot.test.context.SpringBootTestContextBootstrapper]
15:25:48.177 [Test worker] INFO org.springframework.boot.test.context.SpringBootTestContextBootstrapper - Neither @ContextConfiguration nor @ContextHierarchy found for test class [com.project.large.LargeApplicationTests], using SpringBootContextLoader
15:25:48.178 [Test worker] DEBUG org.springframework.test.context.support.AbstractContextLoader - Did not detect default resource location for test class [com.project.large.LargeApplicationTests]: class path resource [com/project/large/LargeApplicationTests-context.xml] does not exist
15:25:48.179 [Test worker] DEBUG org.springframework.test.context.support.AbstractContextLoader - Did not detect default resource location for test class [com.project.large.LargeApplicationTests]: class path resource [com/project/large/LargeApplicationTestsContext.groovy] does not exist
15:25:48.179 [Test worker] INFO org.springframework.test.context.support.AbstractContextLoader - Could not detect default resource locations for test class [com.project.large.LargeApplicationTests]: no resource found for suffixes {-context.xml, Context.groovy}.
15:25:48.179 [Test worker] INFO org.springframework.test.context.support.AnnotationConfigContextLoaderUtils - Could not detect default configuration classes for test class [com.project.large.LargeApplicationTests]: LargeApplicationTests does not declare any static, non-private, non-final, nested classes annotated with @Configuration.
15:25:48.196 [Test worker] DEBUG org.springframework.test.context.support.ActiveProfilesUtils - Could not find an 'annotation declaring class' for annotation type [org.springframework.test.context.ActiveProfiles] and class [com.project.large.LargeApplicationTests]
15:25:48.230 [Test worker] DEBUG org.springframework.context.annotation.ClassPathScanningCandidateComponentProvider - Identified candidate component class: file [/Users/sungjun/Documents/Large/large_b/build/classes/java/main/com/project/large/LargeApplication.class]
15:25:48.230 [Test worker] INFO org.springframework.boot.test.context.SpringBootTestContextBootstrapper - Found @SpringBootConfiguration com.project.large.LargeApplication for test class com.project.large.LargeApplicationTests
15:25:48.263 [Test worker] DEBUG org.springframework.boot.test.context.SpringBootTestContextBootstrapper - @TestExecutionListeners is not present for class [com.project.large.LargeApplicationTests]: using defaults.
15:25:48.263 [Test worker] INFO org.springframework.boot.test.context.SpringBootTestContextBootstrapper - Loaded default TestExecutionListener class names from location [META-INF/spring.factories]: [org.springframework.test.context.web.ServletTestExecutionListener, org.springframework.test.context.support.DirtiesContextBeforeModesTestExecutionListener, org.springframework.test.context.event.ApplicationEventsTestExecutionListener, org.springframework.test.context.support.DependencyInjectionTestExecutionListener, org.springframework.test.context.support.DirtiesContextTestExecutionListener, org.springframework.test.context.transaction.TransactionalTestExecutionListener, org.springframework.test.context.jdbc.SqlScriptsTestExecutionListener, org.springframework.test.context.event.EventPublishingTestExecutionListener, org.springframework.boot.test.autoconfigure.restdocs.RestDocsTestExecutionListener, org.springframework.boot.test.autoconfigure.web.client.MockRestServiceServerResetTestExecutionListener, org.springframework.boot.test.autoconfigure.web.servlet.MockMvcPrintOnlyOnFailureTestExecutionListener, org.springframework.boot.test.autoconfigure.web.servlet.WebDriverTestExecutionListener, org.springframework.boot.test.autoconfigure.webservices.client.MockWebServiceServerTestExecutionListener, org.springframework.boot.test.mock.mockito.MockitoTestExecutionListener, org.springframework.boot.test.mock.mockito.ResetMocksTestExecutionListener]
15:25:48.271 [Test worker] INFO org.springframework.boot.test.context.SpringBootTestContextBootstrapper - Using TestExecutionListeners: [org.springframework.test.context.web.ServletTestExecutionListener@7be58f16, org.springframework.test.context.support.DirtiesContextBeforeModesTestExecutionListener@242aa8d9, org.springframework.test.context.event.ApplicationEventsTestExecutionListener@5b11a194, org.springframework.boot.test.mock.mockito.MockitoTestExecutionListener@37bd68c3, org.springframework.boot.test.autoconfigure.SpringBootDependencyInjectionTestExecutionListener@60f7cc1d, org.springframework.test.context.support.DirtiesContextTestExecutionListener@11eadcba, org.springframework.test.context.transaction.TransactionalTestExecutionListener@4721d212, org.springframework.test.context.jdbc.SqlScriptsTestExecutionListener@1b065145, org.springframework.test.context.event.EventPublishingTestExecutionListener@45cff11c, org.springframework.boot.test.autoconfigure.restdocs.RestDocsTestExecutionListener@207ea13, org.springframework.boot.test.autoconfigure.web.client.MockRestServiceServerResetTestExecutionListener@4bff1903, org.springframework.boot.test.autoconfigure.web.servlet.MockMvcPrintOnlyOnFailureTestExecutionListener@62dae540, org.springframework.boot.test.autoconfigure.web.servlet.WebDriverTestExecutionListener@5827af16, org.springframework.boot.test.autoconfigure.webservices.client.MockWebServiceServerTestExecutionListener@654d8173, org.springframework.boot.test.mock.mockito.ResetMocksTestExecutionListener@56c9bbd8]
15:25:48.272 [Test worker] DEBUG org.springframework.test.context.support.AbstractDirtiesContextTestExecutionListener - Before test class: context [DefaultTestContext@3c435123 testClass = LargeApplicationTests, testInstance = [null], testMethod = [null], testException = [null], mergedContextConfiguration = [WebMergedContextConfiguration@50fe837a testClass = LargeApplicationTests, locations = '{}', classes = '{class com.project.large.LargeApplication}', contextInitializerClasses = '[]', activeProfiles = '{}', propertySourceLocations = '{}', propertySourceProperties = '{org.springframework.boot.test.context.SpringBootTestContextBootstrapper=true}', contextCustomizers = set[org.springframework.boot.test.autoconfigure.actuate.metrics.MetricsExportContextCustomizerFactory$DisableMetricExportContextCustomizer@479460a6, org.springframework.boot.test.autoconfigure.properties.PropertyMappingContextCustomizer@0, org.springframework.boot.test.autoconfigure.web.servlet.WebDriverContextCustomizerFactory$Customizer@26ceffa8, org.springframework.boot.test.context.filter.ExcludeFilterContextCustomizer@60129b9a, org.springframework.boot.test.json.DuplicateJsonObjectContextCustomizerFactory$DuplicateJsonObjectContextCustomizer@3d9c13b5, org.springframework.boot.test.mock.mockito.MockitoContextCustomizer@0, org.springframework.boot.test.web.client.TestRestTemplateContextCustomizer@7a362b6b, org.springframework.boot.test.context.SpringBootTestArgs@1, org.springframework.boot.test.context.SpringBootTestWebEnvironment@683dbc2c], resourceBasePath = 'src/main/webapp', contextLoader = 'org.springframework.boot.test.context.SpringBootContextLoader', parent = [null]], attributes = map['org.springframework.test.context.web.ServletTestExecutionListener.activateListener' -> true]], class annotated with @DirtiesContext [false] with mode [null].

  .   ____          _            __ _ _
 /\\ / ___'_ __ _ _(_)_ __  __ _ \ \ \ \
( ( )\___ | '_ | '_| | '_ \/ _` | \ \ \ \
 \\/  ___)| |_)| | | | | || (_| |  ) ) ) )
  '  |____| .__|_| |_|_| |_\__, | / / / /
 =========|_|==============|___/=/_/_/_/
 :: Spring Boot ::                (v2.6.9)

2023-02-05 15:25:48.417  INFO 56711 --- [    Test worker] com.project.large.LargeApplicationTests  : Starting LargeApplicationTests using Java 17.0.6 on iseongjuns-MacBook-Pro.local with PID 56711 (started by sungjun in /Users/sungjun/Documents/Large/large_b)
2023-02-05 15:25:48.417  INFO 56711 --- [    Test worker] com.project.large.LargeApplicationTests  : No active profile set, falling back to 1 default profile: "default"
2023-02-05 15:25:48.713  INFO 56711 --- [    Test worker] .s.d.r.c.RepositoryConfigurationDelegate : Bootstrapping Spring Data JPA repositories in DEFAULT mode.
2023-02-05 15:25:48.739  INFO 56711 --- [    Test worker] .s.d.r.c.RepositoryConfigurationDelegate : Finished Spring Data repository scanning in 22 ms. Found 4 JPA repository interfaces.
2023-02-05 15:25:48.994  INFO 56711 --- [    Test worker] o.hibernate.jpa.internal.util.LogHelper  : HHH000204: Processing PersistenceUnitInfo [name: default]
2023-02-05 15:25:49.014  INFO 56711 --- [    Test worker] org.hibernate.Version                    : HHH000412: Hibernate ORM core version 5.6.9.Final
2023-02-05 15:25:49.078  INFO 56711 --- [    Test worker] o.hibernate.annotations.common.Version   : HCANN000001: Hibernate Commons Annotations {5.1.2.Final}
2023-02-05 15:25:49.117  INFO 56711 --- [    Test worker] com.zaxxer.hikari.HikariDataSource       : HikariPool-1 - Starting...
2023-02-05 15:25:49.460  INFO 56711 --- [    Test worker] com.zaxxer.hikari.HikariDataSource       : HikariPool-1 - Start completed.
2023-02-05 15:25:49.468  INFO 56711 --- [    Test worker] org.hibernate.dialect.Dialect            : HHH000400: Using dialect: org.hibernate.dialect.MySQL57Dialect
Hibernate: create table comment (id bigint not null, create_date datetime(6), last_modified_date datetime(6), content varchar(255), gitid varchar(255), profile_img varchar(255), up_votes integer, user_name varchar(255), post_id bigint, primary key (id)) engine=InnoDB
Hibernate: create table comment_emoji (comment_id bigint not null, emoji integer, emoji_key varchar(255) not null, primary key (comment_id, emoji_key)) engine=InnoDB
Hibernate: create table hibernate_sequence (next_val bigint) engine=InnoDB
Hibernate: insert into hibernate_sequence values ( 1 )
Hibernate: create table member (member_id bigint not null auto_increment, create_date datetime(6), last_modified_date datetime(6), bio varchar(255), commits integer, company varchar(255), git_blog varchar(255), git_email varchar(255), gitid varchar(255), location varchar(255), member_token varchar(255), name varchar(255), profile_img varchar(255), refresh_token varchar(1000), updated_at varchar(255), primary key (member_id)) engine=InnoDB
Hibernate: create table post (post_id bigint not null auto_increment, create_date datetime(6), last_modified_date datetime(6), bio varchar(255), body varchar(255) not null, gitid varchar(255), if_ads bit, if_comments bit, profile_img varchar(255), title varchar(255) not null, member_id bigint, primary key (post_id)) engine=InnoDB
Hibernate: create table template (template_id bigint not null auto_increment, create_date datetime(6), last_modified_date datetime(6), gitid varchar(255), hot_key varchar(255), template varchar(255), template_name varchar(255), template_number integer, primary key (template_id)) engine=InnoDB
Hibernate: alter table member drop index UK_28nu404jj7spodbe7yn5a882m
Hibernate: alter table member add constraint UK_28nu404jj7spodbe7yn5a882m unique (gitid)
Hibernate: alter table comment add constraint FKs1slvnkuemjsq2kj4h3vhx7i1 foreign key (post_id) references post (post_id)
Hibernate: alter table comment_emoji add constraint FKb28tblfw8e9fbv9qoao5kkxh6 foreign key (comment_id) references comment (id)
Hibernate: alter table post add constraint FK83s99f4kx8oiqm3ro0sasmpww foreign key (member_id) references member (member_id)
2023-02-05 15:25:50.463  INFO 56711 --- [    Test worker] o.h.e.t.j.p.i.JtaPlatformInitiator       : HHH000490: Using JtaPlatform implementation: [org.hibernate.engine.transaction.jta.platform.internal.NoJtaPlatform]
2023-02-05 15:25:50.470  INFO 56711 --- [    Test worker] j.LocalContainerEntityManagerFactoryBean : Initialized JPA EntityManagerFactory for persistence unit 'default'
2023-02-05 15:25:50.681  WARN 56711 --- [    Test worker] JpaBaseConfiguration$JpaWebConfiguration : spring.jpa.open-in-view is enabled by default. Therefore, database queries may be performed during view rendering. Explicitly configure spring.jpa.open-in-view to disable this warning
2023-02-05 15:25:50.787  WARN 56711 --- [    Test worker] .s.s.UserDetailsServiceAutoConfiguration : 

Using generated security password: c31ef1bc-ccab-4599-8d86-77a8297ad888

This generated password is for development use only. Your security configuration must be updated before running your application in production.

2023-02-05 15:25:50.841  INFO 56711 --- [    Test worker] o.s.s.web.DefaultSecurityFilterChain     : Will secure any request with [org.springframework.security.web.context.request.async.WebAsyncManagerIntegrationFilter@5184da2b, org.springframework.security.web.context.SecurityContextPersistenceFilter@3fe11091, org.springframework.security.web.header.HeaderWriterFilter@3e7ddb7e, org.springframework.web.filter.CorsFilter@2202c92f, org.springframework.security.web.authentication.logout.LogoutFilter@7d65c0ac, com.project.large.jwt.JwtExceptionFilter@19b8f1bd, com.project.large.jwt.JwtRequestFilter@3555d804, org.springframework.security.web.savedrequest.RequestCacheAwareFilter@4c6fe482, org.springframework.security.web.servletapi.SecurityContextHolderAwareRequestFilter@7699e60a, org.springframework.security.web.authentication.AnonymousAuthenticationFilter@6fa2d0b2, org.springframework.security.web.session.SessionManagementFilter@3bc33ad9, org.springframework.security.web.access.ExceptionTranslationFilter@4af6839c, org.springframework.security.web.access.intercept.FilterSecurityInterceptor@43aa767]
2023-02-05 15:25:51.143  INFO 56711 --- [    Test worker] com.project.large.LargeApplicationTests  : Started LargeApplicationTests in 2.855 seconds (JVM running for 3.341)
]]></system-out>
  <system-err><![CDATA[]]></system-err>
</testsuite>
